<?xml version="1.0" encoding="UTF-8"?>
<!-- Generated by org.testng.reporters.JUnitXMLReporter -->
<testsuite ignored="0" hostname="LAPTOP-K099KSI4" failures="0" tests="3" name="Default test" time="15.759" errors="0" timestamp="2022-03-31T13:08:26 IST">
  <testcase classname="hackethon.Emi_Calc" name="maximize" time="4.246"/>
  <testcase classname="hackethon.Emi_Calc" name="select" time="3.668"/>
  <testcase classname="hackethon.Emi_Calc" name="emi" time="0.168"/>
</testsuite> <!-- Default test -->
